<?xml version="1.0" encoding="UTF-8"?>
<testsuites>
	<testsuite tests="1" failures="1" time="2.523" name="command-line-arguments">
		<properties>
			<property name="go.version" value="go1.10.3"></property>
		</properties>
		<testcase classname="command-line-arguments" name="TestSubmitGithubStars" time="2.060">
			<failure message="Failed" type="">submit_test.go:55: &#xA;&#x9;&#x9;Error Trace:&#x9;submit_test.go:55&#xA;&#x9;&#x9;Error:      &#x9;Not equal: &#xA;&#x9;&#x9;            &#x9;expected: 49799&#xA;&#x9;&#x9;            &#x9;actual  : 0&#xA;&#x9;&#x9;Test:       &#x9;TestSubmitGithubStars&#xA;submit_test.go:55: &#xA;&#x9;&#x9;Error Trace:&#x9;submit_test.go:55&#xA;&#x9;&#x9;Error:      &#x9;Not equal: &#xA;&#x9;&#x9;            &#x9;expected: 45055&#xA;&#x9;&#x9;            &#x9;actual  : 0&#xA;&#x9;&#x9;Test:       &#x9;TestSubmitGithubStars&#xA;submit_test.go:55: &#xA;&#x9;&#x9;Error Trace:&#x9;submit_test.go:55&#xA;&#x9;&#x9;Error:      &#x9;Not equal: &#xA;&#x9;&#x9;            &#x9;expected: 39607&#xA;&#x9;&#x9;            &#x9;actual  : 0&#xA;&#x9;&#x9;Test:       &#x9;TestSubmitGithubStars&#xA;submit_test.go:54: &#xA;&#x9;&#x9;Error Trace:&#x9;submit_test.go:54&#xA;&#x9;&#x9;Error:      &#x9;Not equal: &#xA;&#x9;&#x9;            &#x9;expected: &#34;https://github.com/getlantern/lantern&#34;&#xA;&#x9;&#x9;            &#x9;actual  : &#34;https://github.com/avelino/awesome-go&#34;&#xA;&#x9;&#x9;            &#x9;&#xA;&#x9;&#x9;            &#x9;Diff:&#xA;&#x9;&#x9;            &#x9;--- Expected&#xA;&#x9;&#x9;            &#x9;+++ Actual&#xA;&#x9;&#x9;            &#x9;@@ -1 +1 @@&#xA;&#x9;&#x9;            &#x9;-https://github.com/getlantern/lantern&#xA;&#x9;&#x9;            &#x9;+https://github.com/avelino/awesome-go&#xA;&#x9;&#x9;Test:       &#x9;TestSubmitGithubStars&#xA;submit_test.go:55: &#xA;&#x9;&#x9;Error Trace:&#x9;submit_test.go:55&#xA;&#x9;&#x9;Error:      &#x9;Not equal: &#xA;&#x9;&#x9;            &#x9;expected: 36646&#xA;&#x9;&#x9;            &#x9;actual  : 0&#xA;&#x9;&#x9;Test:       &#x9;TestSubmitGithubStars&#xA;submit_test.go:54: &#xA;&#x9;&#x9;Error Trace:&#x9;submit_test.go:54&#xA;&#x9;&#x9;Error:      &#x9;Not equal: &#xA;&#x9;&#x9;            &#x9;expected: &#34;https://github.com/avelino/awesome-go&#34;&#xA;&#x9;&#x9;            &#x9;actual  : &#34;https://github.com/gohugoio/hugo&#34;&#xA;&#x9;&#x9;            &#x9;&#xA;&#x9;&#x9;            &#x9;Diff:&#xA;&#x9;&#x9;            &#x9;--- Expected&#xA;&#x9;&#x9;            &#x9;+++ Actual&#xA;&#x9;&#x9;            &#x9;@@ -1 +1 @@&#xA;&#x9;&#x9;            &#x9;-https://github.com/avelino/awesome-go&#xA;&#x9;&#x9;            &#x9;+https://github.com/gohugoio/hugo&#xA;&#x9;&#x9;Test:       &#x9;TestSubmitGithubStars&#xA;submit_test.go:55: &#xA;&#x9;&#x9;Error Trace:&#x9;submit_test.go:55&#xA;&#x9;&#x9;Error:      &#x9;Not equal: &#xA;&#x9;&#x9;            &#x9;expected: 33767&#xA;&#x9;&#x9;            &#x9;actual  : 0&#xA;&#x9;&#x9;Test:       &#x9;TestSubmitGithubStars&#xA;submit_test.go:54: &#xA;&#x9;&#x9;Error Trace:&#x9;submit_test.go:54&#xA;&#x9;&#x9;Error:      &#x9;Not equal: &#xA;&#x9;&#x9;            &#x9;expected: &#34;https://github.com/gohugoio/hugo&#34;&#xA;&#x9;&#x9;            &#x9;actual  : &#34;https://github.com/gogs/gogs&#34;&#xA;&#x9;&#x9;            &#x9;&#xA;&#x9;&#x9;            &#x9;Diff:&#xA;&#x9;&#x9;            &#x9;--- Expected&#xA;&#x9;&#x9;            &#x9;+++ Actual&#xA;&#x9;&#x9;            &#x9;@@ -1 +1 @@&#xA;&#x9;&#x9;            &#x9;-https://github.com/gohugoio/hugo&#xA;&#x9;&#x9;            &#x9;+https://github.com/gogs/gogs&#xA;&#x9;&#x9;Test:       &#x9;TestSubmitGithubStars&#xA;submit_test.go:55: &#xA;&#x9;&#x9;Error Trace:&#x9;submit_test.go:55&#xA;&#x9;&#x9;Error:      &#x9;Not equal: &#xA;&#x9;&#x9;            &#x9;expected: 27679&#xA;&#x9;&#x9;            &#x9;actual  : 0&#xA;&#x9;&#x9;Test:       &#x9;TestSubmitGithubStars&#xA;submit_test.go:54: &#xA;&#x9;&#x9;Error Trace:&#x9;submit_test.go:54&#xA;&#x9;&#x9;Error:      &#x9;Not equal: &#xA;&#x9;&#x9;            &#x9;expected: &#34;https://github.com/gogs/gogs&#34;&#xA;&#x9;&#x9;            &#x9;actual  : &#34;https://github.com/astaxie/build-web-application-with-golang&#34;&#xA;&#x9;&#x9;            &#x9;&#xA;&#x9;&#x9;            &#x9;Diff:&#xA;&#x9;&#x9;            &#x9;--- Expected&#xA;&#x9;&#x9;            &#x9;+++ Actual&#xA;&#x9;&#x9;            &#x9;@@ -1 +1 @@&#xA;&#x9;&#x9;            &#x9;-https://github.com/gogs/gogs&#xA;&#x9;&#x9;            &#x9;+https://github.com/astaxie/build-web-application-with-golang&#xA;&#x9;&#x9;Test:       &#x9;TestSubmitGithubStars&#xA;submit_test.go:55: &#xA;&#x9;&#x9;Error Trace:&#x9;submit_test.go:55&#xA;&#x9;&#x9;Error:      &#x9;Not equal: &#xA;&#x9;&#x9;            &#x9;expected: 26423&#xA;&#x9;&#x9;            &#x9;actual  : 0&#xA;&#x9;&#x9;Test:       &#x9;TestSubmitGithubStars&#xA;submit_test.go:54: &#xA;&#x9;&#x9;Error Trace:&#x9;submit_test.go:54&#xA;&#x9;&#x9;Error:      &#x9;Not equal: &#xA;&#x9;&#x9;            &#x9;expected: &#34;https://github.com/astaxie/build-web-application-with-golang&#34;&#xA;&#x9;&#x9;            &#x9;actual  : &#34;https://github.com/joshbuchea/HEAD&#34;&#xA;&#x9;&#x9;            &#x9;&#xA;&#x9;&#x9;            &#x9;Diff:&#xA;&#x9;&#x9;            &#x9;--- Expected&#xA;&#x9;&#x9;            &#x9;+++ Actual&#xA;&#x9;&#x9;            &#x9;@@ -1 +1 @@&#xA;&#x9;&#x9;            &#x9;-https://github.com/astaxie/build-web-application-with-golang&#xA;&#x9;&#x9;            &#x9;+https://github.com/joshbuchea/HEAD&#xA;&#x9;&#x9;Test:       &#x9;TestSubmitGithubStars&#xA;submit_test.go:55: &#xA;&#x9;&#x9;Error Trace:&#x9;submit_test.go:55&#xA;&#x9;&#x9;Error:      &#x9;Not equal: &#xA;&#x9;&#x9;            &#x9;expected: 24268&#xA;&#x9;&#x9;            &#x9;actual  : 0&#xA;&#x9;&#x9;Test:       &#x9;TestSubmitGithubStars&#xA;submit_test.go:55: &#xA;&#x9;&#x9;Error Trace:&#x9;submit_test.go:55&#xA;&#x9;&#x9;Error:      &#x9;Not equal: &#xA;&#x9;&#x9;            &#x9;expected: 23105&#xA;&#x9;&#x9;            &#x9;actual  : 0&#xA;&#x9;&#x9;Test:       &#x9;TestSubmitGithubStars&#xA;submit_test.go:55: &#xA;&#x9;&#x9;Error Trace:&#x9;submit_test.go:55&#xA;&#x9;&#x9;Error:      &#x9;Not equal: &#xA;&#x9;&#x9;            &#x9;expected: 21439&#xA;&#x9;&#x9;            &#x9;actual  : 0&#xA;&#x9;&#x9;Test:       &#x9;TestSubmitGithubStars</failure>
		</testcase>
	</testsuite>
</testsuites>
